TN:
SF:src/services/AddCarService.ts
FN:10,(anonymous_24)
FN:11,AddCarService
FN:18,(anonymous_26)
FNF:3
FNH:3
FNDA:7,(anonymous_24)
FNDA:23,AddCarService
FNDA:28,(anonymous_26)
DA:3,7
DA:4,7
DA:6,7
DA:10,7
DA:13,23
DA:15,23
DA:18,7
DA:19,28
DA:20,28
DA:21,28
DA:22,28
DA:23,28
DA:24,28
DA:25,28
DA:27,28
DA:36,28
DA:45,56
DA:46,28
DA:47,28
DA:48,28
DA:53,1
DA:56,27
DA:57,27
DA:58,1
DA:63,26
DA:64,1
DA:69,25
DA:71,25
DA:72,1
DA:74,24
DA:75,24
DA:76,2
DA:78,24
DA:79,24
DA:81,7
LF:35
LH:35
BRDA:48,0,0,1
BRDA:48,0,1,27
BRDA:49,1,0,28
BRDA:49,1,1,27
BRDA:49,1,2,27
BRDA:57,2,0,1
BRDA:57,2,1,26
BRDA:63,3,0,1
BRDA:63,3,1,25
BRDA:71,4,0,1
BRDA:71,4,1,24
BRDA:75,5,0,2
BRDA:75,5,1,22
BRF:13
BRH:13
end_of_record
TN:
SF:src/services/AuthenticateUserService.ts
FN:21,(anonymous_24)
FN:22,AuthenticateUserService
FN:27,(anonymous_26)
FNF:3
FNH:3
FNDA:1,(anonymous_24)
FNDA:5,AuthenticateUserService
FNDA:5,(anonymous_26)
DA:2,1
DA:3,1
DA:4,1
DA:5,1
DA:6,1
DA:7,1
DA:9,1
DA:21,1
DA:24,5
DA:27,5
DA:28,5
DA:29,1
DA:31,4
DA:33,8
DA:35,3
DA:36,3
DA:37,3
DA:38,1
DA:41,2
DA:43,2
DA:44,1
DA:47,1
DA:49,1
DA:54,1
DA:56,1
LF:25
LH:25
BRDA:28,0,0,1
BRDA:28,0,1,4
BRDA:28,1,0,5
BRDA:28,1,1,4
BRDA:37,2,0,1
BRDA:37,2,1,2
BRDA:43,3,0,1
BRDA:43,3,1,1
BRF:8
BRH:8
end_of_record
TN:
SF:src/services/CalculateRentPriceService.ts
FN:15,(anonymous_24)
FN:16,CalculateRentPriceService
FN:22,(anonymous_26)
FNF:3
FNH:3
FNDA:1,(anonymous_24)
FNDA:2,CalculateRentPriceService
FNDA:2,(anonymous_26)
DA:1,1
DA:2,1
DA:3,1
DA:5,1
DA:6,1
DA:15,1
DA:18,2
DA:21,2
DA:22,1
DA:23,2
DA:24,2
DA:25,2
DA:27,2
DA:32,2
DA:44,4
DA:45,2
DA:46,2
DA:47,1
DA:50,1
DA:52,1
DA:53,1
DA:55,1
DA:57,1
LF:23
LH:23
BRDA:46,0,0,1
BRDA:46,0,1,1
BRF:2
BRH:2
end_of_record
TN:
SF:src/services/CreateUserService.ts
FN:10,(anonymous_24)
FN:11,CreateUserService
FN:16,(anonymous_26)
FNF:3
FNH:3
FNDA:9,(anonymous_24)
FNDA:30,CreateUserService
FNDA:31,(anonymous_26)
DA:3,9
DA:4,9
DA:5,9
DA:7,9
DA:10,9
DA:13,30
DA:16,9
DA:17,31
DA:18,31
DA:19,31
DA:20,31
DA:21,31
DA:22,31
DA:23,31
DA:25,31
DA:26,31
DA:27,7
DA:29,31
DA:38,31
DA:47,62
DA:49,31
DA:53,31
DA:54,1
DA:56,30
DA:57,30
DA:59,30
DA:61,9
LF:27
LH:27
BRDA:26,0,0,7
BRDA:26,0,1,24
BRDA:53,1,0,1
BRDA:53,1,1,30
BRF:4
BRH:4
end_of_record
TN:
SF:src/services/DeleteCarService.ts
FN:12,(anonymous_18)
FN:13,DeleteCarService
FN:21,(anonymous_20)
FNF:3
FNH:3
FNDA:1,(anonymous_18)
FNDA:3,DeleteCarService
FNDA:3,(anonymous_20)
DA:1,1
DA:2,1
DA:12,1
DA:15,3
DA:18,3
DA:21,3
DA:22,3
DA:23,3
DA:24,1
DA:26,2
DA:28,2
DA:29,1
DA:31,2
DA:33,1
LF:14
LH:14
BRDA:22,0,0,3
BRDA:23,1,0,1
BRDA:23,1,1,2
BRDA:23,2,0,3
BRDA:23,2,1,2
BRDA:23,2,2,2
BRDA:28,3,0,1
BRDA:28,3,1,1
BRF:8
BRH:8
end_of_record
TN:
SF:src/services/IndexCarService.ts
FN:8,(anonymous_18)
FN:11,IndexCarService
FN:16,(anonymous_20)
FN:33,(anonymous_23)
FN:37,(anonymous_24)
FN:49,(anonymous_25)
FN:55,(anonymous_26)
FNF:7
FNH:5
FNDA:1,(anonymous_18)
FNDA:4,IndexCarService
FNDA:4,(anonymous_20)
FNDA:3,(anonymous_23)
FNDA:3,(anonymous_24)
FNDA:0,(anonymous_25)
FNDA:0,(anonymous_26)
DA:3,1
DA:4,1
DA:8,1
DA:9,4
DA:13,4
DA:16,1
DA:17,4
DA:18,4
DA:19,4
DA:20,4
DA:22,4
DA:24,4
DA:25,4
DA:26,4
DA:31,1
DA:33,3
DA:35,3
DA:36,3
DA:37,3
DA:39,3
DA:40,2
DA:43,3
DA:44,3
DA:45,1
DA:47,2
DA:49,1
DA:50,0
DA:52,1
DA:55,1
DA:56,0
DA:58,1
DA:61,2
DA:63,1
LF:33
LH:31
BRDA:24,0,0,4
BRDA:24,0,1,0
BRDA:26,1,0,1
BRDA:26,1,1,3
BRDA:27,2,0,4
BRDA:27,2,1,1
BRDA:27,2,2,1
BRDA:35,3,0,3
BRDA:35,3,1,0
BRDA:39,4,0,2
BRDA:39,4,1,1
BRDA:39,5,0,3
BRDA:39,5,1,3
BRDA:43,6,0,3
BRDA:43,6,1,0
BRDA:44,7,0,1
BRDA:44,7,1,2
BRDA:44,8,0,3
BRDA:44,8,1,2
BRDA:48,9,0,1
BRDA:48,9,1,1
BRDA:50,10,0,0
BRDA:50,10,1,0
BRDA:50,11,0,0
BRDA:50,11,1,0
BRDA:56,12,0,0
BRDA:56,12,1,0
BRDA:56,13,0,0
BRDA:56,13,1,0
BRF:29
BRH:18
end_of_record
TN:
SF:src/services/RentCarService.ts
FN:14,(anonymous_24)
FN:15,RentCarService
FN:22,(anonymous_26)
FN:70,(anonymous_29)
FNF:4
FNH:4
FNDA:1,(anonymous_24)
FNDA:10,RentCarService
FNDA:10,(anonymous_26)
FNDA:6,(anonymous_29)
DA:3,1
DA:4,1
DA:5,1
DA:6,1
DA:7,1
DA:8,1
DA:9,1
DA:14,1
DA:17,10
DA:19,10
DA:22,1
DA:23,10
DA:24,10
DA:25,10
DA:26,10
DA:28,10
DA:35,10
DA:47,20
DA:49,10
DA:50,1
DA:53,9
DA:54,9
DA:55,1
DA:57,8
DA:59,8
DA:60,1
DA:62,7
DA:67,1
DA:70,6
DA:71,6
DA:72,1
DA:74,5
DA:75,1
DA:77,4
DA:82,1
DA:85,3
DA:86,1
DA:88,2
DA:93,1
DA:96,1
DA:97,1
DA:98,1
DA:105,1
DA:107,1
LF:44
LH:44
BRDA:49,0,0,1
BRDA:49,0,1,9
BRDA:49,1,0,10
BRDA:49,1,1,10
BRDA:54,2,0,1
BRDA:54,2,1,8
BRDA:59,3,0,1
BRDA:59,3,1,7
BRDA:62,4,0,1
BRDA:62,4,1,6
BRDA:63,5,0,7
BRDA:63,5,1,6
BRDA:63,5,2,6
BRDA:71,6,0,1
BRDA:71,6,1,5
BRDA:71,7,0,6
BRDA:71,7,1,5
BRDA:74,8,0,1
BRDA:74,8,1,4
BRDA:74,9,0,5
BRDA:74,9,1,3
BRDA:77,10,0,1
BRDA:77,10,1,3
BRDA:78,11,0,4
BRDA:78,11,1,2
BRDA:78,11,2,2
BRDA:85,12,0,1
BRDA:85,12,1,2
BRDA:85,13,0,3
BRDA:85,13,1,2
BRDA:88,14,0,1
BRDA:88,14,1,1
BRDA:89,15,0,2
BRDA:89,15,1,1
BRDA:89,15,2,1
BRF:35
BRH:35
end_of_record
TN:
SF:src/services/ShowCarService.ts
FN:11,(anonymous_18)
FN:12,ShowCarService
FN:17,(anonymous_20)
FNF:3
FNH:3
FNDA:1,(anonymous_18)
FNDA:2,ShowCarService
FNDA:2,(anonymous_20)
DA:1,1
DA:3,1
DA:11,1
DA:14,2
DA:17,2
DA:18,2
DA:20,2
DA:21,2
DA:22,1
DA:24,1
DA:26,1
LF:11
LH:11
BRDA:21,0,0,1
BRDA:21,0,1,1
BRF:2
BRH:2
end_of_record
TN:
SF:src/services/UpdateCarService.ts
FN:10,(anonymous_24)
FN:11,UpdateCarService
FN:18,(anonymous_26)
FNF:3
FNH:3
FNDA:1,(anonymous_24)
FNDA:4,UpdateCarService
FNDA:4,(anonymous_26)
DA:3,1
DA:4,1
DA:5,1
DA:10,1
DA:13,4
DA:15,4
DA:18,1
DA:19,4
DA:20,4
DA:21,4
DA:22,4
DA:23,4
DA:24,4
DA:25,4
DA:27,4
DA:28,4
DA:29,1
DA:31,3
DA:40,3
DA:49,6
DA:51,3
DA:52,3
DA:53,1
DA:55,2
DA:56,2
DA:58,2
DA:59,1
DA:61,1
DA:64,1
DA:65,1
DA:68,1
DA:69,1
DA:70,1
DA:71,1
DA:73,1
DA:75,1
DA:76,1
DA:78,1
DA:79,1
DA:81,2
DA:82,1
DA:84,1
LF:42
LH:42
BRDA:27,0,0,4
BRDA:28,1,0,1
BRDA:28,1,1,3
BRDA:28,2,0,4
BRDA:28,2,1,4
BRDA:28,2,2,4
BRDA:52,3,0,1
BRDA:52,3,1,2
BRDA:55,4,0,0
BRDA:55,4,1,2
BRDA:58,5,0,1
BRDA:58,5,1,1
BRDA:64,6,0,1
BRDA:64,6,1,0
BRDA:68,7,0,0
BRDA:68,7,1,1
BRDA:70,8,0,1
BRDA:70,8,1,0
BRDA:75,9,0,1
BRDA:75,9,1,0
BRDA:78,10,0,1
BRDA:78,10,1,0
BRF:22
BRH:16
end_of_record
